27-5-27/21:44:27 - {OK} - admin
27-5-27/21:48:15 - {OK} - fabricio
27-5-27/21:48:15 - {ERROR} - fabricio
29-5-29/0:41:59 - {OK} - fabricio
29-5-29/0:41:59 - {ERROR} - fabricio
29-5-29/0:50:33 - {OK} - fabricio
29-5-29/0:50:33 - {ERROR} - fabricio
29-5-29/0:51:11 - {OK} - fabricio
29-5-29/0:51:11 - {ERROR} - fabricio
29-5-29/0:53:22 - {OK} - fabricio
29-5-29/0:53:22 - {ERROR} - fabricio
29-5-29/0:55:41 - {OK} - fabricio
29-5-29/0:55:41 - {ERROR} - fabricio
29-5-29/1:20:38 - {OK} - fabricio
29-5-29/1:20:38 - {ERROR} - fabricio
29-5-29/1:22:48 - {OK} - fabricio
29-5-29/1:22:48 - {ERROR} - fabricio
29-5-29/1:25:58 - {OK} - fabricio
29-5-29/1:25:58 - {ERROR} - fabricio
29-5-29/1:27:7 - {OK} - fabricio
29-5-29/1:27:7 - {ERROR} - fabricio
29-5-29/12:55:24 - {OK} - fabricio
29-5-29/12:55:24 - {ERROR} - fabricio
29-5-29/12:58:5 - {OK} - fabricio
29-5-29/12:58:5 - {ERROR} - fabricio
29-5-29/12:59:22 - {OK} - fabricio
29-5-29/12:59:22 - {ERROR} - fabricio
29-5-29/16:39:36 - {OK} - fabricio
29-5-29/16:39:36 - {ERROR} - fabricio
29-5-29/16:41:57 - {OK} - fabricio
29-5-29/16:41:57 - {ERROR} - fabricio
29-5-29/17:43:20 - {OK} - fabricio
29-5-29/17:43:20 - {ERROR} - fabricio
29-5-29/17:43:51 - {ERROR} - Andres
29-5-29/17:44:4 - {ERROR} - admin
29-5-29/17:44:11 - {ERROR} - admin
29-5-29/17:44:40 - {ERROR} - admin
29-5-29/17:44:47 - {ERROR} - admin
29-5-29/17:45:11 - {ERROR} - admin
29-5-29/17:45:21 - {ERROR} - admin
29-5-29/17:51:18 - {OK} - admin
29-5-29/17:51:18 - {ERROR} - admin
29-5-29/18:0:40 - {ERROR} - Andres
29-5-29/18:1:14 - {OK} - admin
29-5-29/18:1:14 - {ERROR} - admin
29-5-29/18:1:40 - {OK} - Andres
29-5-29/18:1:40 - {ERROR} - Andres
29-5-29/18:21:15 - {OK} - Andres
29-5-29/18:21:15 - {ERROR} - Andres
29-5-29/18:24:7 - {OK} - Andres
29-5-29/18:24:7 - {ERROR} - Andres
